c:\users\sean\documents\comp3009\project\project_code\debug\vc143.pdb
c:\users\sean\documents\comp3009\project\project_code\debug\vc143.idb
c:\users\sean\documents\comp3009\project\project_code\debug\main.obj
c:\users\sean\documents\comp3009\project\project_code\debug\triangle.obj
c:\users\sean\documents\comp3009\project\project_code\debug\texture.obj
c:\users\sean\documents\comp3009\project\project_code\debug\stdafx.obj
c:\users\sean\documents\comp3009\project\project_code\debug\squish.obj
c:\users\sean\documents\comp3009\project\project_code\debug\solution.obj
c:\users\sean\documents\comp3009\project\project_code\debug\shader.obj
c:\users\sean\documents\comp3009\project\project_code\debug\light.obj
c:\users\sean\documents\comp3009\project\project_code\debug\hand.obj
c:\users\sean\documents\comp3009\project\project_code\debug\graphicsobject.obj
c:\users\sean\documents\comp3009\project\project_code\debug\cube.obj
c:\users\sean\documents\comp3009\project\project_code\debug\camera.obj
c:\users\sean\documents\comp3009\project\project_code\debug\project_code.exe
c:\users\sean\documents\comp3009\project\project_code\debug\project_code.ilk
c:\users\sean\documents\comp3009\project\project_code\debug\project_code.pdb
c:\users\sean\documents\comp3009\project\project_code\debug\project_code.tlog\cl.command.1.tlog
c:\users\sean\documents\comp3009\project\project_code\debug\project_code.tlog\cl.read.1.tlog
c:\users\sean\documents\comp3009\project\project_code\debug\project_code.tlog\cl.write.1.tlog
c:\users\sean\documents\comp3009\project\project_code\debug\project_code.tlog\link.command.1.tlog
c:\users\sean\documents\comp3009\project\project_code\debug\project_code.tlog\link.read.1.tlog
c:\users\sean\documents\comp3009\project\project_code\debug\project_code.tlog\link.write.1.tlog
