  camera.cpp
C:\Users\Sean\Documents\COMP3009\Project\project_code\project_code\camera.cpp(58,1): warning C4305: 'initializing': truncation from 'double' to 'float'
  Cube.cpp
  graphicsObject.cpp
C:\Users\Sean\Documents\COMP3009\Project\project_code\project_code\graphicsObject.cpp(61,52): warning C4305: 'argument': truncation from 'double' to 'float'
C:\Users\Sean\Documents\COMP3009\Project\project_code\project_code\graphicsObject.cpp(64,53): warning C4305: 'argument': truncation from 'double' to 'float'
  hand.cpp
C:\Users\Sean\Documents\COMP3009\Project\project_code\project_code\hand.cpp(131,19): warning C4018: '<': signed/unsigned mismatch
C:\Users\Sean\Documents\COMP3009\Project\project_code\project_code\hand.cpp(150,19): warning C4018: '<': signed/unsigned mismatch
C:\Users\Sean\Documents\COMP3009\Project\project_code\project_code\hand.cpp(169,19): warning C4018: '<': signed/unsigned mismatch
  Light.cpp
  Shader.cpp
C:\Users\Sean\Documents\COMP3009\Project\project_code\project_code\Shader.cpp(510,6): warning C4101: 'rc': unreferenced local variable
C:\Users\Sean\Documents\COMP3009\Project\project_code\project_code\Shader.cpp(522,6): warning C4101: 'rc': unreferenced local variable
  Solution.cpp
C:\Users\Sean\Documents\COMP3009\Project\project_code\project_code\Solution.cpp(320,31): warning C4244: 'argument': conversion from 'double' to 'float', possible loss of data
C:\Users\Sean\Documents\COMP3009\Project\project_code\project_code\Solution.cpp(323,32): warning C4244: 'argument': conversion from 'double' to 'float', possible loss of data
C:\Users\Sean\Documents\COMP3009\Project\project_code\project_code\Solution.cpp(332,29): warning C4244: 'argument': conversion from 'double' to 'float', possible loss of data
C:\Users\Sean\Documents\COMP3009\Project\project_code\project_code\Solution.cpp(335,28): warning C4244: 'argument': conversion from 'double' to 'float', possible loss of data
  squish.cpp
C:\Users\Sean\Documents\COMP3009\Project\project_code\project_code\squish.cpp(32,35): warning C4244: '-=': conversion from 'double' to 'float', possible loss of data
C:\Users\Sean\Documents\COMP3009\Project\project_code\project_code\squish.cpp(33,36): warning C4244: '+=': conversion from 'double' to 'float', possible loss of data
C:\Users\Sean\Documents\COMP3009\Project\project_code\project_code\squish.cpp(34,36): warning C4244: '+=': conversion from 'double' to 'float', possible loss of data
C:\Users\Sean\Documents\COMP3009\Project\project_code\project_code\squish.cpp(40,35): warning C4244: '+=': conversion from 'double' to 'float', possible loss of data
C:\Users\Sean\Documents\COMP3009\Project\project_code\project_code\squish.cpp(41,36): warning C4244: '-=': conversion from 'double' to 'float', possible loss of data
C:\Users\Sean\Documents\COMP3009\Project\project_code\project_code\squish.cpp(42,36): warning C4244: '-=': conversion from 'double' to 'float', possible loss of data
C:\Users\Sean\Documents\COMP3009\Project\project_code\project_code\squish.cpp(95,19): warning C4018: '<': signed/unsigned mismatch
C:\Users\Sean\Documents\COMP3009\Project\project_code\project_code\squish.cpp(114,19): warning C4018: '<': signed/unsigned mismatch
C:\Users\Sean\Documents\COMP3009\Project\project_code\project_code\squish.cpp(133,19): warning C4018: '<': signed/unsigned mismatch
  stdafx.cpp
  Texture.cpp
  Triangle.cpp
C:\Users\Sean\Documents\COMP3009\Project\project_code\project_code\Triangle.cpp(140,35): warning C4305: 'argument': truncation from 'double' to 'float'
  main.cpp
  Generating Code...
soil.lib(image_DXT.obj) : warning LNK4099: PDB '' was not found with 'soil.lib(image_DXT.obj)' or at ''; linking object as if no debug info
soil.lib(image_helper.obj) : warning LNK4099: PDB '' was not found with 'soil.lib(image_helper.obj)' or at ''; linking object as if no debug info
soil.lib(SOIL.obj) : warning LNK4099: PDB '' was not found with 'soil.lib(SOIL.obj)' or at ''; linking object as if no debug info
soil.lib(stb_image_aug.obj) : warning LNK4099: PDB '' was not found with 'soil.lib(stb_image_aug.obj)' or at ''; linking object as if no debug info
  project_code.vcxproj -> C:\Users\Sean\Documents\COMP3009\Project\project_code\Debug\project_code.exe
